Added Component: Designator=C?(CAPR5-4X5)
Added Component: Designator=C?(CAPR5-4X5)
Added Component: Designator=D?(LED-1)
Added Component: Designator=D?(DO-41)
Added Component: Designator=D?(DO-41)
Added Component: Designator=D?(DO-41)
Added Component: Designator=D?(DO-41)
Added Component: Designator=P?(HDR1X2)
Added Component: Designator=R?(AXIAL-0.3)
Added Pin To Net: NetName=GND Pin=C?-2
Added Pin To Net: NetName=GND Pin=C?-2
Added Pin To Net: NetName=GND Pin=D?-1
Added Pin To Net: NetName=GND Pin=D?-1
Added Pin To Net: NetName=GND Pin=D?-2
Added Net: Name=GND
Added Pin To Net: NetName=NetC?_1 Pin=C?-1
Added Pin To Net: NetName=NetC?_1 Pin=D?-2
Added Pin To Net: NetName=NetC?_1 Pin=D?-2
Added Net: Name=NetC?_1
Added Pin To Net: NetName=NetD?_1 Pin=D?-1
Added Pin To Net: NetName=NetD?_1 Pin=R?-1
Added Net: Name=NetD?_1
Added Pin To Net: NetName=VCC Pin=C?-1
Added Pin To Net: NetName=VCC Pin=R?-2
Added Net: Name=VCC
Added Class: Name=Sheet1
Added Room: Name=Sheet1
