Removed Pin From Net: NetName=GND Pin=C5-1
Removed Pin From Net: NetName=Reset Pin=C5-2
Removed Pin From Net: NetName=NetD7_2 Pin=K1-4
Removed Pin From Net: NetName=+5 Pin=K1-5
Removed Pin From Net: NetName=NetD9_2 Pin=K2-4
Removed Pin From Net: NetName=+5 Pin=K2-5
Change Component Footprint: Designator=K1 Old Footprint=MODULE5B New Footprint=RELAY_ORWH-SH-105D1F,000
Change Component Footprint: Designator=K2 Old Footprint=MODULE5B New Footprint=RELAY_ORWH-SH-105D1F,000
Change Component Comment : Designator=K1 Old Comment=Relay New Comment=1-1721150-0
Change Component Comment : Designator=K2 Old Comment=Relay New Comment=1-1721150-0
Change component parameters: Designator = "K1"; Footprint = "RELAY_ORWH-SH-105D1F,000"; UniqueID = "\VHBGQCTN"
Change component parameters. Clean all parameters for all variants
Change component parameters (AddParameter): Name = "Availability"; Value = "Unavailable"; VariantName = "[No Variations]"
Change component parameters (AddParameter): Name = "Comment_1"; Value = ""; VariantName = "[No Variations]"
Change component parameters (AddParameter): Name = "MF"; Value = "TE Connectivity"; VariantName = "[No Variations]"
Change component parameters (AddParameter): Name = "MP"; Value = "ORWH-SH-105D1F,000"; VariantName = "[No Variations]"
Change component parameters (AddParameter): Name = "Package"; Value = "None"; VariantName = "[No Variations]"
Change component parameters (AddParameter): Name = "Price"; Value = "None"; VariantName = "[No Variations]"
Change component parameters (AddParameter): Name = "SnapEDA_Link"; Value = "https://www.snapeda.com/parts/ORWH-SH-105D1F%2C000/TE%20Connectivity%20Potter%20%26%20Brumfield%20Relays/view-part/573992/?ref=snap"; VariantName = "[No Variations]"
Change component parameters (AddParameter): Name = "TE_purchase_URL"; Value = "https://www.te.com/usa-en/product-1-1721150-0.html?te_bu=Cor&te_type=disp&te_campaign=seda_glo_cor-seda-global-disp-prtnr-fy19-seda-model-bom-cta_sma-317_1&elqCampaignId=32493"; VariantName = "[No Variations]"
Change component parameters (AddParameter): Name = "Value"; Value = ""; VariantName = "[No Variations]"
Change component parameters: Designator = "K2"; Footprint = "RELAY_ORWH-SH-105D1F,000"; UniqueID = "\RKIBVXSO"
Change component parameters. Clean all parameters for all variants
Change component parameters (AddParameter): Name = "Availability"; Value = "Unavailable"; VariantName = "[No Variations]"
Change component parameters (AddParameter): Name = "Comment_1"; Value = ""; VariantName = "[No Variations]"
Change component parameters (AddParameter): Name = "MF"; Value = "TE Connectivity"; VariantName = "[No Variations]"
Change component parameters (AddParameter): Name = "MP"; Value = "ORWH-SH-105D1F,000"; VariantName = "[No Variations]"
Change component parameters (AddParameter): Name = "Package"; Value = "None"; VariantName = "[No Variations]"
Change component parameters (AddParameter): Name = "Price"; Value = "None"; VariantName = "[No Variations]"
Change component parameters (AddParameter): Name = "SnapEDA_Link"; Value = "https://www.snapeda.com/parts/ORWH-SH-105D1F%2C000/TE%20Connectivity%20Potter%20%26%20Brumfield%20Relays/view-part/573992/?ref=snap"; VariantName = "[No Variations]"
Change component parameters (AddParameter): Name = "TE_purchase_URL"; Value = "https://www.te.com/usa-en/product-1-1721150-0.html?te_bu=Cor&te_type=disp&te_campaign=seda_glo_cor-seda-global-disp-prtnr-fy19-seda-model-bom-cta_sma-317_1&elqCampaignId=32493"; VariantName = "[No Variations]"
Change component parameters (AddParameter): Name = "Value"; Value = ""; VariantName = "[No Variations]"
Added Pin To Net: NetName=Reset Pin=C5-1
Added Pin To Net: NetName=GND Pin=C5-2
Added Pin To Net: NetName=+5 Pin=K1-3
Added Pin To Net: NetName=NetD7_2 Pin=K1-5
Added Pin To Net: NetName=+5 Pin=K2-3
Added Pin To Net: NetName=NetD9_2 Pin=K2-5
Added Member To Class: ClassName=DTMF Member=Component U1 91215
Added Member To Class: ClassName=DTMF Member=Component U4 PIC16F887A
Added Room: Name=DTMF
