Removed Pin From Net: NetName=GND Pin=Q3-1
Removed Pin From Net: NetName=GND Pin=Q4-1
Removed Pin From Net: NetName=GND Pin=Q5-1
Removed Pin From Net: NetName=4C Pin=Q5-3
Removed Pin From Net: NetName=GND Pin=Q6-1
Removed Pin From Net: NetName=GND Pin=Q7-1
Change Component Comment : Designator=Q3 Old Comment=NPN transistor New Comment=2N5172
Change Component Comment : Designator=Q4 Old Comment=NPN transistor New Comment=2N5172
Change Component Comment : Designator=Q5 Old Comment=NPN transistor New Comment=2N5172
Change Component Comment : Designator=Q6 Old Comment=NPN transistor New Comment=2N5172
Change Component Comment : Designator=Q7 Old Comment=NPN transistor New Comment=2N5172
Added Pin To Net: NetName=2C Pin=Q3-2
Added Pin To Net: NetName=GND Pin=Q3-3
Added Pin To Net: NetName=3C Pin=Q4-2
Added Pin To Net: NetName=GND Pin=Q4-3
Added Pin To Net: NetName=4C Pin=Q5-2
Added Pin To Net: NetName=GND Pin=Q5-3
Added Pin To Net: NetName=5C Pin=Q6-2
Added Pin To Net: NetName=GND Pin=Q6-3
Added Pin To Net: NetName=6C Pin=Q7-2
Added Pin To Net: NetName=GND Pin=Q7-3
Added Pin To Net: NetName=NetQ3_1 Pin=Q3-1
Added Pin To Net: NetName=NetQ3_1 Pin=R45-1
Added Net: Name=NetQ3_1
Added Pin To Net: NetName=NetQ4_1 Pin=Q4-1
Added Pin To Net: NetName=NetQ4_1 Pin=R46-1
Added Net: Name=NetQ4_1
Added Pin To Net: NetName=NetQ5_1 Pin=Q5-1
Added Pin To Net: NetName=NetQ5_1 Pin=R47-1
Added Net: Name=NetQ5_1
Added Pin To Net: NetName=NetQ6_1 Pin=Q6-1
Added Pin To Net: NetName=NetQ6_1 Pin=R48-1
Added Net: Name=NetQ6_1
Added Pin To Net: NetName=NetQ7_1 Pin=Q7-1
Added Pin To Net: NetName=NetQ7_1 Pin=R49-1
Added Net: Name=NetQ7_1
Added Room: Name=Sheet1
Added Room: Name=Sheet2
