Removed Pin From Net: NetName=RB7 Pin=P4-2
Removed Pin From Net: NetName=RA0 Pin=P4-3
Removed Pin From Net: NetName=RB6 Pin=P4-4
Removed Pin From Net: NetName=RA1 Pin=P4-5
Removed Pin From Net: NetName=RB5 Pin=P4-6
Removed Pin From Net: NetName=RA2 Pin=P4-7
Removed Pin From Net: NetName=RB4 Pin=P4-8
Removed Pin From Net: NetName=RA3 Pin=P4-9
Removed Pin From Net: NetName=RB3 Pin=P4-10
Removed Pin From Net: NetName=RA4 Pin=P4-11
Removed Pin From Net: NetName=RB2 Pin=P4-12
Removed Pin From Net: NetName=RA5 Pin=P4-13
Removed Pin From Net: NetName=RB1 Pin=P4-14
Removed Pin From Net: NetName=RE0 Pin=P4-15
Removed Pin From Net: NetName=RB0 Pin=P4-16
Removed Pin From Net: NetName=RE1 Pin=P4-17
Removed Pin From Net: NetName=RD7 Pin=P4-18
Removed Pin From Net: NetName=RE2 Pin=P4-19
Removed Pin From Net: NetName=RD6 Pin=P4-20
Removed Pin From Net: NetName=RA7 Pin=P4-21
Removed Pin From Net: NetName=RD5 Pin=P4-22
Removed Pin From Net: NetName=RA6 Pin=P4-23
Removed Pin From Net: NetName=RD4 Pin=P4-24
Removed Pin From Net: NetName=RC0 Pin=P4-25
Removed Pin From Net: NetName=RC7 Pin=P4-26
Removed Pin From Net: NetName=RC1 Pin=P4-27
Removed Pin From Net: NetName=RC6 Pin=P4-28
Removed Pin From Net: NetName=RC2 Pin=P4-29
Removed Pin From Net: NetName=RC5 Pin=P4-30
Removed Pin From Net: NetName=RC3 Pin=P4-31
Removed Pin From Net: NetName=RC4 Pin=P4-32
Removed Pin From Net: NetName=RD0 Pin=P4-33
Removed Pin From Net: NetName=RD3 Pin=P4-34
Removed Pin From Net: NetName=RD1 Pin=P4-35
Removed Pin From Net: NetName=RD2 Pin=P4-36
Change Component Footprint: Designator=P4 Old Footprint=HDR2X18 New Footprint=HDR1X18
Change Component Comment : Designator=P4 Old Comment=Header 18X2 New Comment=Header 18
Added Component: Designator=P11(HDR1X3)
Add component. Clean all parameters for all variants
Add component (AddParameter): Name = "LatestRevisionDate"; Value = "17-Jul-2002"; VariantName = "[No Variations]"
Add component (AddParameter): Name = "LatestRevisionNote"; Value = "Re-released for DXP Platform."; VariantName = "[No Variations]"
Add component (AddParameter): Name = "Publisher"; Value = "Altium Limited"; VariantName = "[No Variations]"
Added Component: Designator=P50(HDR1X18)
Add component. Clean all parameters for all variants
Add component (AddParameter): Name = "LatestRevisionDate"; Value = "17-Jul-2002"; VariantName = "[No Variations]"
Add component (AddParameter): Name = "LatestRevisionNote"; Value = "Re-released for DXP Platform."; VariantName = "[No Variations]"
Add component (AddParameter): Name = "Publisher"; Value = "Altium Limited"; VariantName = "[No Variations]"
Added Component: Designator=U4(PIC(20)piN)
Add component. Clean all parameters for all variants
Added Component: Designator=U5(PIC(28) pin)
Add component. Clean all parameters for all variants
Added Component: Designator=U6(pic16F54)
Add component. Clean all parameters for all variants
Added Component: Designator=U7(PIC10F220)
Add component. Clean all parameters for all variants
Added Component: Designator=U8(PIC16f630)
Add component. Clean all parameters for all variants
Added Component: Designator=U9(PIC(28) pin)
Add component. Clean all parameters for all variants
Added Component: Designator=U10(PIC10F220)
Add component. Clean all parameters for all variants
Added Pin To Net: NetName=reset Pin=P4-1
Added Pin To Net: NetName=RA0 Pin=P4-2
Added Pin To Net: NetName=RA1 Pin=P4-3
Added Pin To Net: NetName=RA2 Pin=P4-4
Added Pin To Net: NetName=RA3 Pin=P4-5
Added Pin To Net: NetName=RA4 Pin=P4-6
Added Pin To Net: NetName=RA5 Pin=P4-7
Added Pin To Net: NetName=RE0 Pin=P4-8
Added Pin To Net: NetName=RE1 Pin=P4-9
Added Pin To Net: NetName=RE2 Pin=P4-10
Added Pin To Net: NetName=RA7 Pin=P4-11
Added Pin To Net: NetName=RA6 Pin=P4-12
Added Pin To Net: NetName=RC0 Pin=P4-13
Added Pin To Net: NetName=RC1 Pin=P4-14
Added Pin To Net: NetName=RC2 Pin=P4-15
Added Pin To Net: NetName=RC3 Pin=P4-16
Added Pin To Net: NetName=RD0 Pin=P4-17
Added Pin To Net: NetName=RD1 Pin=P4-18
Added Pin To Net: NetName=T0CKI Pin=P11-1
Added Pin To Net: NetName=OSC11 Pin=P11-2
Added Pin To Net: NetName=OSC21 Pin=P11-3
Added Pin To Net: NetName=RD2 Pin=P50-1
Added Pin To Net: NetName=RD3 Pin=P50-2
Added Pin To Net: NetName=RC4 Pin=P50-3
Added Pin To Net: NetName=RC5 Pin=P50-4
Added Pin To Net: NetName=RC6 Pin=P50-5
Added Pin To Net: NetName=RC7 Pin=P50-6
Added Pin To Net: NetName=RD4 Pin=P50-7
Added Pin To Net: NetName=RD5 Pin=P50-8
Added Pin To Net: NetName=RD6 Pin=P50-9
Added Pin To Net: NetName=RD7 Pin=P50-10
Added Pin To Net: NetName=RB0 Pin=P50-11
Added Pin To Net: NetName=RB1 Pin=P50-12
Added Pin To Net: NetName=RB2 Pin=P50-13
Added Pin To Net: NetName=RB3 Pin=P50-14
Added Pin To Net: NetName=RB4 Pin=P50-15
Added Pin To Net: NetName=RB5 Pin=P50-16
Added Pin To Net: NetName=RB6 Pin=P50-17
Added Pin To Net: NetName=RB7 Pin=P50-18
Added Pin To Net: NetName=VCC Pin=U4-1
Added Pin To Net: NetName=RA5 Pin=U4-2
Added Pin To Net: NetName=RA4 Pin=U4-3
Added Pin To Net: NetName=reset Pin=U4-4
Added Pin To Net: NetName=RC5 Pin=U4-5
Added Pin To Net: NetName=RC4 Pin=U4-6
Added Pin To Net: NetName=RC3 Pin=U4-7
Added Pin To Net: NetName=RC6 Pin=U4-8
Added Pin To Net: NetName=RC7 Pin=U4-9
Added Pin To Net: NetName=RB7 Pin=U4-10
Added Pin To Net: NetName=RB6 Pin=U4-11
Added Pin To Net: NetName=RB5 Pin=U4-12
Added Pin To Net: NetName=RB4 Pin=U4-13
Added Pin To Net: NetName=RC2 Pin=U4-14
Added Pin To Net: NetName=RC1 Pin=U4-15
Added Pin To Net: NetName=RC0 Pin=U4-16
Added Pin To Net: NetName=RA2 Pin=U4-17
Added Pin To Net: NetName=RA1 Pin=U4-18
Added Pin To Net: NetName=RA0 Pin=U4-19
Added Pin To Net: NetName=GND Pin=U4-20
Added Pin To Net: NetName=T0CKI Pin=U5-1
Added Pin To Net: NetName=VCC Pin=U5-2
Added Pin To Net: NetName=GND Pin=U5-4
Added Pin To Net: NetName=RA0 Pin=U5-6
Added Pin To Net: NetName=RA1 Pin=U5-7
Added Pin To Net: NetName=RA2 Pin=U5-8
Added Pin To Net: NetName=RA3 Pin=U5-9
Added Pin To Net: NetName=RB0 Pin=U5-10
Added Pin To Net: NetName=RB1 Pin=U5-11
Added Pin To Net: NetName=RB2 Pin=U5-12
Added Pin To Net: NetName=RB3 Pin=U5-13
Added Pin To Net: NetName=RB4 Pin=U5-14
Added Pin To Net: NetName=RB5 Pin=U5-15
Added Pin To Net: NetName=RB6 Pin=U5-16
Added Pin To Net: NetName=RB7 Pin=U5-17
Added Pin To Net: NetName=RC0 Pin=U5-18
Added Pin To Net: NetName=RC1 Pin=U5-19
Added Pin To Net: NetName=RC2 Pin=U5-20
Added Pin To Net: NetName=RC3 Pin=U5-21
Added Pin To Net: NetName=RC4 Pin=U5-22
Added Pin To Net: NetName=RC5 Pin=U5-23
Added Pin To Net: NetName=RC6 Pin=U5-24
Added Pin To Net: NetName=RC7 Pin=U5-25
Added Pin To Net: NetName=OSC11 Pin=U5-26
Added Pin To Net: NetName=OSC21 Pin=U5-27
Added Pin To Net: NetName=reset Pin=U5-28
Added Pin To Net: NetName=RA2 Pin=U6-1
Added Pin To Net: NetName=RA3 Pin=U6-2
Added Pin To Net: NetName=RA4 Pin=U6-3
Added Pin To Net: NetName=reset Pin=U6-4
Added Pin To Net: NetName=GND Pin=U6-5
Added Pin To Net: NetName=RB0 Pin=U6-6
Added Pin To Net: NetName=RB1 Pin=U6-7
Added Pin To Net: NetName=RB2 Pin=U6-8
Added Pin To Net: NetName=RB3 Pin=U6-9
Added Pin To Net: NetName=RB4 Pin=U6-10
Added Pin To Net: NetName=RB5 Pin=U6-11
Added Pin To Net: NetName=RB6 Pin=U6-12
Added Pin To Net: NetName=RB7 Pin=U6-13
Added Pin To Net: NetName=VCC Pin=U6-14
Added Pin To Net: NetName=OSC11 Pin=U6-15
Added Pin To Net: NetName=OSC21 Pin=U6-16
Added Pin To Net: NetName=RA0 Pin=U6-17
Added Pin To Net: NetName=RA1 Pin=U6-18
Added Pin To Net: NetName=GND Pin=U7-1
Added Pin To Net: NetName=RA5 Pin=U7-2
Added Pin To Net: NetName=RA4 Pin=U7-3
Added Pin To Net: NetName=reset Pin=U7-4
Added Pin To Net: NetName=RA2 Pin=U7-5
Added Pin To Net: NetName=RA1 Pin=U7-6
Added Pin To Net: NetName=RA0 Pin=U7-7
Added Pin To Net: NetName=GND Pin=U7-8
Added Pin To Net: NetName=VCC Pin=U8-1
Added Pin To Net: NetName=RA5 Pin=U8-2
Added Pin To Net: NetName=RA4 Pin=U8-3
Added Pin To Net: NetName=reset Pin=U8-4
Added Pin To Net: NetName=RC5 Pin=U8-5
Added Pin To Net: NetName=RC4 Pin=U8-6
Added Pin To Net: NetName=RC3 Pin=U8-7
Added Pin To Net: NetName=RC2 Pin=U8-8
Added Pin To Net: NetName=RC1 Pin=U8-9
Added Pin To Net: NetName=RC0 Pin=U8-10
Added Pin To Net: NetName=RA2 Pin=U8-11
Added Pin To Net: NetName=RA1 Pin=U8-12
Added Pin To Net: NetName=RA0 Pin=U8-13
Added Pin To Net: NetName=GND Pin=U8-14
Added Pin To Net: NetName=reset Pin=U9-1
Added Pin To Net: NetName=RA0 Pin=U9-2
Added Pin To Net: NetName=RA1 Pin=U9-3
Added Pin To Net: NetName=RA2 Pin=U9-4
Added Pin To Net: NetName=RA3 Pin=U9-5
Added Pin To Net: NetName=RA4 Pin=U9-6
Added Pin To Net: NetName=RA5 Pin=U9-7
Added Pin To Net: NetName=GND Pin=U9-8
Added Pin To Net: NetName=RA7 Pin=U9-9
Added Pin To Net: NetName=RA6 Pin=U9-10
Added Pin To Net: NetName=RC0 Pin=U9-11
Added Pin To Net: NetName=RC1 Pin=U9-12
Added Pin To Net: NetName=RC2 Pin=U9-13
Added Pin To Net: NetName=RC3 Pin=U9-14
Added Pin To Net: NetName=RC4 Pin=U9-15
Added Pin To Net: NetName=RC5 Pin=U9-16
Added Pin To Net: NetName=RC6 Pin=U9-17
Added Pin To Net: NetName=RC7 Pin=U9-18
Added Pin To Net: NetName=GND Pin=U9-19
Added Pin To Net: NetName=VCC Pin=U9-20
Added Pin To Net: NetName=RB0 Pin=U9-21
Added Pin To Net: NetName=RB1 Pin=U9-22
Added Pin To Net: NetName=RB2 Pin=U9-23
Added Pin To Net: NetName=RB3 Pin=U9-24
Added Pin To Net: NetName=RB4 Pin=U9-25
Added Pin To Net: NetName=RB5 Pin=U9-26
Added Pin To Net: NetName=RB6 Pin=U9-27
Added Pin To Net: NetName=RB7 Pin=U9-28
Added Pin To Net: NetName=VCC Pin=U10-2
Added Pin To Net: NetName=RA2 Pin=U10-3
Added Pin To Net: NetName=RA1 Pin=U10-4
Added Pin To Net: NetName=RA0 Pin=U10-5
Added Pin To Net: NetName=GND Pin=U10-7
Added Pin To Net: NetName=reset Pin=U10-8
Added Member To Class: ClassName=Sheet1 Member=Component P11 Header 3
Added Member To Class: ClassName=Sheet1 Member=Component P50 Header 18
Added Member To Class: ClassName=Sheet2 Member=Component S23 SKHHANA010
Added Member To Class: ClassName=Sheet1 Member=Component U4 pic(20) pin
Added Member To Class: ClassName=Sheet1 Member=Component U5 PIC16F57
Added Member To Class: ClassName=Sheet1 Member=Component U6 PIC16F83
Added Member To Class: ClassName=Sheet1 Member=Component U7 PIC12C508
Added Member To Class: ClassName=Sheet1 Member=Component U8 PIC16F630
Added Member To Class: ClassName=Sheet1 Member=Component U9 PIC16F886
Added Member To Class: ClassName=Sheet1 Member=Component U10 PIC16F2XX
Added Room: Name=Sheet1
