Removed Pin From Net: NetName=NetP16_2 Pin=S2-1
Removed Pin From Net: NetName=NetR50_1 Pin=S2-2
Removed Pin From Net: NetName=NetP16_2 Pin=S3-1
Removed Pin From Net: NetName=NetR51_1 Pin=S3-2
Removed Pin From Net: NetName=NetP16_2 Pin=S4-1
Removed Pin From Net: NetName=NetR52_1 Pin=S4-2
Removed Pin From Net: NetName=NetP16_2 Pin=S5-1
Removed Pin From Net: NetName=NetR53_1 Pin=S5-2
Removed Pin From Net: NetName=NetP16_2 Pin=S6-1
Removed Pin From Net: NetName=NetR54_1 Pin=S6-2
Removed Pin From Net: NetName=NetP16_2 Pin=S7-1
Removed Pin From Net: NetName=NetR63_1 Pin=S7-2
Removed Pin From Net: NetName=NetP16_2 Pin=S8-1
Removed Pin From Net: NetName=NetR64_1 Pin=S8-2
Removed Pin From Net: NetName=NetP16_2 Pin=S9-1
Removed Pin From Net: NetName=NetR65_1 Pin=S9-2
Removed Member From Class: ClassName=Sheet2 Member=S2
Removed Member From Class: ClassName=Sheet2 Member=S3
Removed Member From Class: ClassName=Sheet2 Member=S4
Removed Member From Class: ClassName=Sheet2 Member=S5
Removed Member From Class: ClassName=Sheet2 Member=S6
Removed Member From Class: ClassName=Sheet2 Member=S7
Removed Member From Class: ClassName=Sheet2 Member=S8
Removed Member From Class: ClassName=Sheet2 Member=S9
Added Component: Designator=S?(SW_SKHHANA010)
Add component. Clean all parameters for all variants
Add component (AddParameter): Name = "Availability"; Value = "Unavailable"; VariantName = "[No Variations]"
Add component (AddParameter): Name = "MF"; Value = "ALPS"; VariantName = "[No Variations]"
Add component (AddParameter): Name = "MP"; Value = "SKHHANA010"; VariantName = "[No Variations]"
Add component (AddParameter): Name = "Package"; Value = "None"; VariantName = "[No Variations]"
Add component (AddParameter): Name = "Price"; Value = "None"; VariantName = "[No Variations]"
Add component (AddParameter): Name = "SnapEDA_Link"; Value = "https://www.snapeda.com/parts/SKHHANA010/ALPS/view-part/248805/?ref=snap"; VariantName = "[No Variations]"
Add component (AddParameter): Name = "Value"; Value = ""; VariantName = "[No Variations]"
Added Component: Designator=S?(SW_SKHHANA010)
Add component. Clean all parameters for all variants
Add component (AddParameter): Name = "Availability"; Value = "Unavailable"; VariantName = "[No Variations]"
Add component (AddParameter): Name = "MF"; Value = "ALPS"; VariantName = "[No Variations]"
Add component (AddParameter): Name = "MP"; Value = "SKHHANA010"; VariantName = "[No Variations]"
Add component (AddParameter): Name = "Package"; Value = "None"; VariantName = "[No Variations]"
Add component (AddParameter): Name = "Price"; Value = "None"; VariantName = "[No Variations]"
Add component (AddParameter): Name = "SnapEDA_Link"; Value = "https://www.snapeda.com/parts/SKHHANA010/ALPS/view-part/248805/?ref=snap"; VariantName = "[No Variations]"
Add component (AddParameter): Name = "Value"; Value = ""; VariantName = "[No Variations]"
Added Component: Designator=S?(SW_SKHHANA010)
Add component. Clean all parameters for all variants
Add component (AddParameter): Name = "Availability"; Value = "Unavailable"; VariantName = "[No Variations]"
Add component (AddParameter): Name = "MF"; Value = "ALPS"; VariantName = "[No Variations]"
Add component (AddParameter): Name = "MP"; Value = "SKHHANA010"; VariantName = "[No Variations]"
Add component (AddParameter): Name = "Package"; Value = "None"; VariantName = "[No Variations]"
Add component (AddParameter): Name = "Price"; Value = "None"; VariantName = "[No Variations]"
Add component (AddParameter): Name = "SnapEDA_Link"; Value = "https://www.snapeda.com/parts/SKHHANA010/ALPS/view-part/248805/?ref=snap"; VariantName = "[No Variations]"
Add component (AddParameter): Name = "Value"; Value = ""; VariantName = "[No Variations]"
Added Component: Designator=S?(SW_SKHHANA010)
Add component. Clean all parameters for all variants
Add component (AddParameter): Name = "Availability"; Value = "Unavailable"; VariantName = "[No Variations]"
Add component (AddParameter): Name = "MF"; Value = "ALPS"; VariantName = "[No Variations]"
Add component (AddParameter): Name = "MP"; Value = "SKHHANA010"; VariantName = "[No Variations]"
Add component (AddParameter): Name = "Package"; Value = "None"; VariantName = "[No Variations]"
Add component (AddParameter): Name = "Price"; Value = "None"; VariantName = "[No Variations]"
Add component (AddParameter): Name = "SnapEDA_Link"; Value = "https://www.snapeda.com/parts/SKHHANA010/ALPS/view-part/248805/?ref=snap"; VariantName = "[No Variations]"
Add component (AddParameter): Name = "Value"; Value = ""; VariantName = "[No Variations]"
Added Component: Designator=S?(SW_SKHHANA010)
Add component. Clean all parameters for all variants
Add component (AddParameter): Name = "Availability"; Value = "Unavailable"; VariantName = "[No Variations]"
Add component (AddParameter): Name = "MF"; Value = "ALPS"; VariantName = "[No Variations]"
Add component (AddParameter): Name = "MP"; Value = "SKHHANA010"; VariantName = "[No Variations]"
Add component (AddParameter): Name = "Package"; Value = "None"; VariantName = "[No Variations]"
Add component (AddParameter): Name = "Price"; Value = "None"; VariantName = "[No Variations]"
Add component (AddParameter): Name = "SnapEDA_Link"; Value = "https://www.snapeda.com/parts/SKHHANA010/ALPS/view-part/248805/?ref=snap"; VariantName = "[No Variations]"
Add component (AddParameter): Name = "Value"; Value = ""; VariantName = "[No Variations]"
Added Component: Designator=S?(SW_SKHHANA010)
Add component. Clean all parameters for all variants
Add component (AddParameter): Name = "Availability"; Value = "Unavailable"; VariantName = "[No Variations]"
Add component (AddParameter): Name = "MF"; Value = "ALPS"; VariantName = "[No Variations]"
Add component (AddParameter): Name = "MP"; Value = "SKHHANA010"; VariantName = "[No Variations]"
Add component (AddParameter): Name = "Package"; Value = "None"; VariantName = "[No Variations]"
Add component (AddParameter): Name = "Price"; Value = "None"; VariantName = "[No Variations]"
Add component (AddParameter): Name = "SnapEDA_Link"; Value = "https://www.snapeda.com/parts/SKHHANA010/ALPS/view-part/248805/?ref=snap"; VariantName = "[No Variations]"
Add component (AddParameter): Name = "Value"; Value = ""; VariantName = "[No Variations]"
Added Component: Designator=S?(SW_SKHHANA010)
Add component. Clean all parameters for all variants
Add component (AddParameter): Name = "Availability"; Value = "Unavailable"; VariantName = "[No Variations]"
Add component (AddParameter): Name = "MF"; Value = "ALPS"; VariantName = "[No Variations]"
Add component (AddParameter): Name = "MP"; Value = "SKHHANA010"; VariantName = "[No Variations]"
Add component (AddParameter): Name = "Package"; Value = "None"; VariantName = "[No Variations]"
Add component (AddParameter): Name = "Price"; Value = "None"; VariantName = "[No Variations]"
Add component (AddParameter): Name = "SnapEDA_Link"; Value = "https://www.snapeda.com/parts/SKHHANA010/ALPS/view-part/248805/?ref=snap"; VariantName = "[No Variations]"
Add component (AddParameter): Name = "Value"; Value = ""; VariantName = "[No Variations]"
Added Component: Designator=S?(SW_SKHHANA010)
Add component. Clean all parameters for all variants
Add component (AddParameter): Name = "Availability"; Value = "Unavailable"; VariantName = "[No Variations]"
Add component (AddParameter): Name = "MF"; Value = "ALPS"; VariantName = "[No Variations]"
Add component (AddParameter): Name = "MP"; Value = "SKHHANA010"; VariantName = "[No Variations]"
Add component (AddParameter): Name = "Package"; Value = "None"; VariantName = "[No Variations]"
Add component (AddParameter): Name = "Price"; Value = "None"; VariantName = "[No Variations]"
Add component (AddParameter): Name = "SnapEDA_Link"; Value = "https://www.snapeda.com/parts/SKHHANA010/ALPS/view-part/248805/?ref=snap"; VariantName = "[No Variations]"
Add component (AddParameter): Name = "Value"; Value = ""; VariantName = "[No Variations]"
Added Pin To Net: NetName=NetP16_2 Pin=S?-1
Added Pin To Net: NetName=NetP16_2 Pin=S?-1
Added Pin To Net: NetName=NetP16_2 Pin=S?-1
Added Pin To Net: NetName=NetP16_2 Pin=S?-1
Added Pin To Net: NetName=NetP16_2 Pin=S?-1
Added Pin To Net: NetName=NetP16_2 Pin=S?-1
Added Pin To Net: NetName=NetP16_2 Pin=S?-1
Added Pin To Net: NetName=NetP16_2 Pin=S?-2
Added Pin To Net: NetName=NetP16_2 Pin=S?-2
Added Pin To Net: NetName=NetP16_2 Pin=S?-2
Added Pin To Net: NetName=NetP16_2 Pin=S?-2
Added Pin To Net: NetName=NetP16_2 Pin=S?-2
Added Pin To Net: NetName=NetP16_2 Pin=S?-2
Added Pin To Net: NetName=NetP16_2 Pin=S?-2
Added Pin To Net: NetName=NetR50_1 Pin=S?-3
Added Pin To Net: NetName=NetR51_1 Pin=S?-3
Added Pin To Net: NetName=NetR52_1 Pin=S?-3
Added Pin To Net: NetName=NetR53_1 Pin=S?-3
Added Pin To Net: NetName=NetR54_1 Pin=S?-3
Added Pin To Net: NetName=NetR63_1 Pin=S?-3
Added Pin To Net: NetName=NetR64_1 Pin=S?-3
Added Pin To Net: NetName=NetR65_1 Pin=S?-3
Added Pin To Net: NetName=NetR50_1 Pin=S?-4
Added Pin To Net: NetName=NetR51_1 Pin=S?-4
Added Pin To Net: NetName=NetR52_1 Pin=S?-4
Added Pin To Net: NetName=NetR53_1 Pin=S?-4
Added Pin To Net: NetName=NetR54_1 Pin=S?-4
Added Pin To Net: NetName=NetR63_1 Pin=S?-4
Added Pin To Net: NetName=NetR64_1 Pin=S?-4
Added Pin To Net: NetName=NetR65_1 Pin=S?-4
Added Pin To Net: NetName=NetS?_1 Pin=S?-1
Added Pin To Net: NetName=NetS?_1 Pin=S?-2
Added Net: Name=NetS?_1
Added Member To Class: ClassName=Sheet2 Member=Component S? SKHHANA010
Added Member To Class: ClassName=Sheet2 Member=Component S? SKHHANA010
Added Member To Class: ClassName=Sheet2 Member=Component S? SKHHANA010
Added Member To Class: ClassName=Sheet2 Member=Component S? SKHHANA010
Added Member To Class: ClassName=Sheet2 Member=Component S? SKHHANA010
Added Member To Class: ClassName=Sheet2 Member=Component S? SKHHANA010
Added Member To Class: ClassName=Sheet2 Member=Component S? SKHHANA010
Added Member To Class: ClassName=Sheet2 Member=Component S? SKHHANA010
Added Room: Name=Sheet1
Added Room: Name=Sheet2
