Removed Pin From Net: NetName=reset Pin=P23-6
Removed Pin From Net: NetName=VCC Pin=P23-7
Removed Pin From Net: NetName=GND Pin=P23-8
Removed Pin From Net: NetName=RB7 Pin=P50-1
Removed Pin From Net: NetName=RB6 Pin=P50-2
Removed Pin From Net: NetName=RB5 Pin=P50-3
Removed Pin From Net: NetName=RB4 Pin=P50-4
Removed Pin From Net: NetName=RB3 Pin=P50-5
Removed Pin From Net: NetName=RB2 Pin=P50-6
Removed Pin From Net: NetName=RB1 Pin=P50-7
Removed Pin From Net: NetName=RB0 Pin=P50-8
Removed Pin From Net: NetName=RD7 Pin=P50-9
Removed Pin From Net: NetName=RD6 Pin=P50-10
Removed Pin From Net: NetName=RD5 Pin=P50-11
Removed Pin From Net: NetName=RD4 Pin=P50-12
Removed Pin From Net: NetName=RC7 Pin=P50-13
Removed Pin From Net: NetName=RC6 Pin=P50-14
Removed Pin From Net: NetName=RC5 Pin=P50-15
Removed Pin From Net: NetName=RC4 Pin=P50-16
Removed Pin From Net: NetName=RD3 Pin=P50-17
Removed Pin From Net: NetName=RD2 Pin=P50-18
Change Component Footprint: Designator=P23 Old Footprint=HDR2X5_CEN New Footprint=HDR1X5
Change Component Comment : Designator=P23 Old Comment=Header 5X2A New Comment=Header 5
Added Component: Designator=P6(HDR2X4_CEN)
Add component. Clean all parameters for all variants
Add component (AddParameter): Name = "LatestRevisionDate"; Value = "17-Jul-2002"; VariantName = "[No Variations]"
Add component (AddParameter): Name = "LatestRevisionNote"; Value = "Re-released for DXP Platform."; VariantName = "[No Variations]"
Add component (AddParameter): Name = "Publisher"; Value = "Altium Limited"; VariantName = "[No Variations]"
Added Component: Designator=P7(HDR2X4_CEN)
Add component. Clean all parameters for all variants
Add component (AddParameter): Name = "LatestRevisionDate"; Value = "17-Jul-2002"; VariantName = "[No Variations]"
Add component (AddParameter): Name = "LatestRevisionNote"; Value = "Re-released for DXP Platform."; VariantName = "[No Variations]"
Add component (AddParameter): Name = "Publisher"; Value = "Altium Limited"; VariantName = "[No Variations]"
Added Component: Designator=P8(HDR2X4_CEN)
Add component. Clean all parameters for all variants
Add component (AddParameter): Name = "LatestRevisionDate"; Value = "17-Jul-2002"; VariantName = "[No Variations]"
Add component (AddParameter): Name = "LatestRevisionNote"; Value = "Re-released for DXP Platform."; VariantName = "[No Variations]"
Add component (AddParameter): Name = "Publisher"; Value = "Altium Limited"; VariantName = "[No Variations]"
Added Component: Designator=P9(HDR2X4_CEN)
Add component. Clean all parameters for all variants
Add component (AddParameter): Name = "LatestRevisionDate"; Value = "17-Jul-2002"; VariantName = "[No Variations]"
Add component (AddParameter): Name = "LatestRevisionNote"; Value = "Re-released for DXP Platform."; VariantName = "[No Variations]"
Add component (AddParameter): Name = "Publisher"; Value = "Altium Limited"; VariantName = "[No Variations]"
Added Component: Designator=P10(HDR1X3)
Add component. Clean all parameters for all variants
Add component (AddParameter): Name = "LatestRevisionDate"; Value = "17-Jul-2002"; VariantName = "[No Variations]"
Add component (AddParameter): Name = "LatestRevisionNote"; Value = "Re-released for DXP Platform."; VariantName = "[No Variations]"
Add component (AddParameter): Name = "Publisher"; Value = "Altium Limited"; VariantName = "[No Variations]"
Added Component: Designator=P11(HDR1X3)
Add component. Clean all parameters for all variants
Add component (AddParameter): Name = "LatestRevisionDate"; Value = "17-Jul-2002"; VariantName = "[No Variations]"
Add component (AddParameter): Name = "LatestRevisionNote"; Value = "Re-released for DXP Platform."; VariantName = "[No Variations]"
Add component (AddParameter): Name = "Publisher"; Value = "Altium Limited"; VariantName = "[No Variations]"
Added Component: Designator=P38(HDR1X8)
Add component. Clean all parameters for all variants
Add component (AddParameter): Name = "LatestRevisionDate"; Value = "17-Jul-2002"; VariantName = "[No Variations]"
Add component (AddParameter): Name = "LatestRevisionNote"; Value = "Re-released for DXP Platform."; VariantName = "[No Variations]"
Add component (AddParameter): Name = "Publisher"; Value = "Altium Limited"; VariantName = "[No Variations]"
Added Component: Designator=U4(PIC(20)piN)
Add component. Clean all parameters for all variants
Added Component: Designator=U5(PIC(28) pin)
Add component. Clean all parameters for all variants
Added Component: Designator=U6(pic16F54)
Add component. Clean all parameters for all variants
Added Component: Designator=U7(PIC10F220)
Add component. Clean all parameters for all variants
Added Component: Designator=U8(PIC16f630)
Add component. Clean all parameters for all variants
Added Component: Designator=U9(PIC(28) pin)
Add component. Clean all parameters for all variants
Added Component: Designator=U10(PIC10F220)
Add component. Clean all parameters for all variants
Added Pin To Net: NetName=RA0 Pin=P6-1
Added Pin To Net: NetName=RA1 Pin=P6-2
Added Pin To Net: NetName=RA2 Pin=P6-3
Added Pin To Net: NetName=RA3 Pin=P6-4
Added Pin To Net: NetName=RA4 Pin=P6-5
Added Pin To Net: NetName=RA5 Pin=P6-6
Added Pin To Net: NetName=RA6 Pin=P6-7
Added Pin To Net: NetName=RA7 Pin=P6-8
Added Pin To Net: NetName=RB0 Pin=P7-1
Added Pin To Net: NetName=RB1 Pin=P7-2
Added Pin To Net: NetName=RB2 Pin=P7-3
Added Pin To Net: NetName=RB3 Pin=P7-4
Added Pin To Net: NetName=RB4 Pin=P7-5
Added Pin To Net: NetName=RB5 Pin=P7-6
Added Pin To Net: NetName=RB6 Pin=P7-7
Added Pin To Net: NetName=RB7 Pin=P7-8
Added Pin To Net: NetName=RC0 Pin=P8-1
Added Pin To Net: NetName=RC1 Pin=P8-2
Added Pin To Net: NetName=RC2 Pin=P8-3
Added Pin To Net: NetName=RC3 Pin=P8-4
Added Pin To Net: NetName=RC4 Pin=P8-5
Added Pin To Net: NetName=RC5 Pin=P8-6
Added Pin To Net: NetName=RC6 Pin=P8-7
Added Pin To Net: NetName=RC7 Pin=P8-8
Added Pin To Net: NetName=RD0 Pin=P9-1
Added Pin To Net: NetName=RD1 Pin=P9-2
Added Pin To Net: NetName=RD2 Pin=P9-3
Added Pin To Net: NetName=RD3 Pin=P9-4
Added Pin To Net: NetName=RD4 Pin=P9-5
Added Pin To Net: NetName=RD5 Pin=P9-6
Added Pin To Net: NetName=RD6 Pin=P9-7
Added Pin To Net: NetName=RD7 Pin=P9-8
Added Pin To Net: NetName=RE0 Pin=P10-1
Added Pin To Net: NetName=RE1 Pin=P10-2
Added Pin To Net: NetName=RE2 Pin=P10-3
Added Pin To Net: NetName=T0CKI Pin=P11-1
Added Pin To Net: NetName=OSC11 Pin=P11-2
Added Pin To Net: NetName=OSC21 Pin=P11-3
Added Pin To Net: NetName=RB6 Pin=P23-1
Added Pin To Net: NetName=RB7 Pin=P23-2
Added Pin To Net: NetName=GND Pin=P23-3
Added Pin To Net: NetName=VCC Pin=P23-4
Added Pin To Net: NetName=reset Pin=P23-5
Added Pin To Net: NetName=NetP38_1 Pin=P38-1
Added Pin To Net: NetName=NetP38_2 Pin=P38-2
Added Pin To Net: NetName=NetP38_3 Pin=P38-3
Added Pin To Net: NetName=NetP38_4 Pin=P38-4
Added Pin To Net: NetName=NetP38_5 Pin=P38-5
Added Pin To Net: NetName=NetP38_6 Pin=P38-6
Added Pin To Net: NetName=NetP38_7 Pin=P38-7
Added Pin To Net: NetName=NetP38_8 Pin=P38-8
Added Pin To Net: NetName=RD2 Pin=P50-1
Added Pin To Net: NetName=RD3 Pin=P50-2
Added Pin To Net: NetName=RC4 Pin=P50-3
Added Pin To Net: NetName=RC5 Pin=P50-4
Added Pin To Net: NetName=RC6 Pin=P50-5
Added Pin To Net: NetName=RC7 Pin=P50-6
Added Pin To Net: NetName=RD4 Pin=P50-7
Added Pin To Net: NetName=RD5 Pin=P50-8
Added Pin To Net: NetName=RD6 Pin=P50-9
Added Pin To Net: NetName=RD7 Pin=P50-10
Added Pin To Net: NetName=RB0 Pin=P50-11
Added Pin To Net: NetName=RB1 Pin=P50-12
Added Pin To Net: NetName=RB2 Pin=P50-13
Added Pin To Net: NetName=RB3 Pin=P50-14
Added Pin To Net: NetName=RB4 Pin=P50-15
Added Pin To Net: NetName=RB5 Pin=P50-16
Added Pin To Net: NetName=RB6 Pin=P50-17
Added Pin To Net: NetName=RB7 Pin=P50-18
Added Pin To Net: NetName=VCC Pin=U4-1
Added Pin To Net: NetName=RA5 Pin=U4-2
Added Pin To Net: NetName=RA4 Pin=U4-3
Added Pin To Net: NetName=reset Pin=U4-4
Added Pin To Net: NetName=RC5 Pin=U4-5
Added Pin To Net: NetName=RC4 Pin=U4-6
Added Pin To Net: NetName=RC3 Pin=U4-7
Added Pin To Net: NetName=RC6 Pin=U4-8
Added Pin To Net: NetName=RC7 Pin=U4-9
Added Pin To Net: NetName=RB7 Pin=U4-10
Added Pin To Net: NetName=RB6 Pin=U4-11
Added Pin To Net: NetName=RB5 Pin=U4-12
Added Pin To Net: NetName=RB4 Pin=U4-13
Added Pin To Net: NetName=RC2 Pin=U4-14
Added Pin To Net: NetName=RC1 Pin=U4-15
Added Pin To Net: NetName=RC0 Pin=U4-16
Added Pin To Net: NetName=RA2 Pin=U4-17
Added Pin To Net: NetName=RA1 Pin=U4-18
Added Pin To Net: NetName=RA0 Pin=U4-19
Added Pin To Net: NetName=GND Pin=U4-20
Added Pin To Net: NetName=T0CKI Pin=U5-1
Added Pin To Net: NetName=VCC Pin=U5-2
Added Pin To Net: NetName=GND Pin=U5-4
Added Pin To Net: NetName=RA0 Pin=U5-6
Added Pin To Net: NetName=RA1 Pin=U5-7
Added Pin To Net: NetName=RA2 Pin=U5-8
Added Pin To Net: NetName=RA3 Pin=U5-9
Added Pin To Net: NetName=RB0 Pin=U5-10
Added Pin To Net: NetName=RB1 Pin=U5-11
Added Pin To Net: NetName=RB2 Pin=U5-12
Added Pin To Net: NetName=RB3 Pin=U5-13
Added Pin To Net: NetName=RB4 Pin=U5-14
Added Pin To Net: NetName=RB5 Pin=U5-15
Added Pin To Net: NetName=RB6 Pin=U5-16
Added Pin To Net: NetName=RB7 Pin=U5-17
Added Pin To Net: NetName=RC0 Pin=U5-18
Added Pin To Net: NetName=RC1 Pin=U5-19
Added Pin To Net: NetName=RC2 Pin=U5-20
Added Pin To Net: NetName=RC3 Pin=U5-21
Added Pin To Net: NetName=RC4 Pin=U5-22
Added Pin To Net: NetName=RC5 Pin=U5-23
Added Pin To Net: NetName=RC6 Pin=U5-24
Added Pin To Net: NetName=RC7 Pin=U5-25
Added Pin To Net: NetName=OSC11 Pin=U5-26
Added Pin To Net: NetName=OSC21 Pin=U5-27
Added Pin To Net: NetName=reset Pin=U5-28
Added Pin To Net: NetName=RA2 Pin=U6-1
Added Pin To Net: NetName=RA3 Pin=U6-2
Added Pin To Net: NetName=RA4 Pin=U6-3
Added Pin To Net: NetName=reset Pin=U6-4
Added Pin To Net: NetName=GND Pin=U6-5
Added Pin To Net: NetName=RB0 Pin=U6-6
Added Pin To Net: NetName=RB1 Pin=U6-7
Added Pin To Net: NetName=RB2 Pin=U6-8
Added Pin To Net: NetName=RB3 Pin=U6-9
Added Pin To Net: NetName=RB4 Pin=U6-10
Added Pin To Net: NetName=RB5 Pin=U6-11
Added Pin To Net: NetName=RB6 Pin=U6-12
Added Pin To Net: NetName=RB7 Pin=U6-13
Added Pin To Net: NetName=VCC Pin=U6-14
Added Pin To Net: NetName=OSC11 Pin=U6-15
Added Pin To Net: NetName=OSC21 Pin=U6-16
Added Pin To Net: NetName=RA0 Pin=U6-17
Added Pin To Net: NetName=RA1 Pin=U6-18
Added Pin To Net: NetName=GND Pin=U7-1
Added Pin To Net: NetName=RA5 Pin=U7-2
Added Pin To Net: NetName=RA4 Pin=U7-3
Added Pin To Net: NetName=reset Pin=U7-4
Added Pin To Net: NetName=RA2 Pin=U7-5
Added Pin To Net: NetName=RA1 Pin=U7-6
Added Pin To Net: NetName=RA0 Pin=U7-7
Added Pin To Net: NetName=GND Pin=U7-8
Added Pin To Net: NetName=VCC Pin=U8-1
Added Pin To Net: NetName=RA5 Pin=U8-2
Added Pin To Net: NetName=RA4 Pin=U8-3
Added Pin To Net: NetName=reset Pin=U8-4
Added Pin To Net: NetName=RC5 Pin=U8-5
Added Pin To Net: NetName=RC4 Pin=U8-6
Added Pin To Net: NetName=RC3 Pin=U8-7
Added Pin To Net: NetName=RC2 Pin=U8-8
Added Pin To Net: NetName=RC1 Pin=U8-9
Added Pin To Net: NetName=RC0 Pin=U8-10
Added Pin To Net: NetName=RA2 Pin=U8-11
Added Pin To Net: NetName=RA1 Pin=U8-12
Added Pin To Net: NetName=RA0 Pin=U8-13
Added Pin To Net: NetName=GND Pin=U8-14
Added Pin To Net: NetName=reset Pin=U9-1
Added Pin To Net: NetName=RA0 Pin=U9-2
Added Pin To Net: NetName=RA1 Pin=U9-3
Added Pin To Net: NetName=RA2 Pin=U9-4
Added Pin To Net: NetName=RA3 Pin=U9-5
Added Pin To Net: NetName=RA4 Pin=U9-6
Added Pin To Net: NetName=RA5 Pin=U9-7
Added Pin To Net: NetName=GND Pin=U9-8
Added Pin To Net: NetName=RA7 Pin=U9-9
Added Pin To Net: NetName=RA6 Pin=U9-10
Added Pin To Net: NetName=RC0 Pin=U9-11
Added Pin To Net: NetName=RC1 Pin=U9-12
Added Pin To Net: NetName=RC2 Pin=U9-13
Added Pin To Net: NetName=RC3 Pin=U9-14
Added Pin To Net: NetName=RC4 Pin=U9-15
Added Pin To Net: NetName=RC5 Pin=U9-16
Added Pin To Net: NetName=RC6 Pin=U9-17
Added Pin To Net: NetName=RC7 Pin=U9-18
Added Pin To Net: NetName=GND Pin=U9-19
Added Pin To Net: NetName=VCC Pin=U9-20
Added Pin To Net: NetName=RB0 Pin=U9-21
Added Pin To Net: NetName=RB1 Pin=U9-22
Added Pin To Net: NetName=RB2 Pin=U9-23
Added Pin To Net: NetName=RB3 Pin=U9-24
Added Pin To Net: NetName=RB4 Pin=U9-25
Added Pin To Net: NetName=RB5 Pin=U9-26
Added Pin To Net: NetName=RB6 Pin=U9-27
Added Pin To Net: NetName=RB7 Pin=U9-28
Added Pin To Net: NetName=VCC Pin=U10-2
Added Pin To Net: NetName=RA2 Pin=U10-3
Added Pin To Net: NetName=RA1 Pin=U10-4
Added Pin To Net: NetName=RA0 Pin=U10-5
Added Pin To Net: NetName=GND Pin=U10-7
Added Pin To Net: NetName=reset Pin=U10-8
Added Member To Class: ClassName=Sheet1 Member=Component P6 Header 4X2A
Added Member To Class: ClassName=Sheet1 Member=Component P7 Header 4X2A
Added Member To Class: ClassName=Sheet1 Member=Component P8 Header 4X2A
Added Member To Class: ClassName=Sheet1 Member=Component P9 Header 4X2A
Added Member To Class: ClassName=Sheet1 Member=Component P10 Header 3
Added Member To Class: ClassName=Sheet1 Member=Component P11 Header 3
Added Member To Class: ClassName=Sheet2 Member=Component P38 Header 8
Added Member To Class: ClassName=Sheet2 Member=Component P43 Header 8
Added Member To Class: ClassName=Sheet1 Member=Component U4 pic(20) pin
Added Member To Class: ClassName=Sheet1 Member=Component U5 PIC16F57
Added Member To Class: ClassName=Sheet1 Member=Component U6 PIC16F83
Added Member To Class: ClassName=Sheet1 Member=Component U7 PIC12C508
Added Member To Class: ClassName=Sheet1 Member=Component U8 PIC16F630
Added Member To Class: ClassName=Sheet1 Member=Component U9 PIC16F886
Added Member To Class: ClassName=Sheet1 Member=Component U10 PIC16F2XX
Added Room: Name=Sheet1
Added Room: Name=Sheet2
