Remove Pin=P13-4 From Net=rs
Remove Pin=P13-5 From Net=rw
Remove Pin=P13-6 From Net=en
Remove Pin=P13-7 From Net=p1
Remove Pin=P13-8 From Net=p2
Remove Pin=P13-9 From Net=p3
Remove Pin=P13-10 From Net=p4
Remove Pin=P13-11 From Net=p5
Remove Pin=P13-12 From Net=p6
Remove Pin=P13-13 From Net=p7
Remove Pin=P13-14 From Net=p8
Remove Pin=P14-3 From Net=vo1
Remove Pin=P14-4 From Net=rs
Remove Pin=P14-5 From Net=rw
Remove Pin=P14-6 From Net=en
Remove Pin=P14-7 From Net=p1
Remove Pin=P14-8 From Net=p2
Remove Pin=P14-9 From Net=p3
Remove Pin=P14-10 From Net=p4
Remove Pin=P14-11 From Net=p5
Remove Pin=P14-12 From Net=p6
Remove Pin=P14-13 From Net=p7
Remove Pin=P14-14 From Net=p8
Remove Pin=P14-15 From Net=cs1
Remove Pin=P14-16 From Net=cs2
Remove Pin=P14-17 From Net=rst
Remove Pin=P14-18 From Net=vee
Remove Pin=P15-1 From Net=rst
Remove Pin=P15-2 From Net=cs2
Remove Pin=P15-3 From Net=cs1
Remove Pin=P15-4 From Net=en
Remove Pin=P15-5 From Net=rw
Remove Pin=P15-6 From Net=rs
Remove Pin=P15-7 From Net=p8
Remove Pin=P15-8 From Net=p7
Remove Pin=P15-9 From Net=p6
Remove Pin=P15-10 From Net=p5
Remove Pin=P15-11 From Net=p4
Remove Pin=P15-12 From Net=p3
Remove Pin=P15-13 From Net=p2
Remove Pin=P15-14 From Net=p1
Remove Pin=R42-1 From Net=vee
