Change Component Designator: Old Designator=C? New Designator=C22
Change Component Designator: Old Designator=C? New Designator=C23
Change Component Designator: Old Designator=C? New Designator=C24
Change Component Designator: Old Designator=C? New Designator=C25
Change Component Designator: Old Designator=C? New Designator=C26
Change Component Designator: Old Designator=C? New Designator=C27
Change Component Designator: Old Designator=C? New Designator=C28
Change Component Designator: Old Designator=C? New Designator=C29
Change Component Designator: Old Designator=C? New Designator=C30
Change Component Designator: Old Designator=C? New Designator=C31
Change Component Designator: Old Designator=D? New Designator=D36
Change Component Designator: Old Designator=D? New Designator=D37
Change Component Designator: Old Designator=D? New Designator=D38
Change Component Designator: Old Designator=P? New Designator=P28
Change Component Designator: Old Designator=P? New Designator=P29
Change Component Designator: Old Designator=P? New Designator=P30
Change Component Designator: Old Designator=P? New Designator=P31
Change Component Designator: Old Designator=P? New Designator=P32
Change Component Designator: Old Designator=P? New Designator=P33
Change Component Designator: Old Designator=P? New Designator=P34
Change Component Designator: Old Designator=P? New Designator=P35
Change Component Designator: Old Designator=P? New Designator=P36
Change Component Designator: Old Designator=P? New Designator=P37
Change Component Designator: Old Designator=P? New Designator=P38
Change Component Designator: Old Designator=P? New Designator=P39
Change Component Designator: Old Designator=P? New Designator=P40
Change Component Designator: Old Designator=P? New Designator=P41
Change Component Designator: Old Designator=P? New Designator=P42
Change Component Designator: Old Designator=P? New Designator=P43
Change Component Designator: Old Designator=P? New Designator=P44
Change Component Designator: Old Designator=P? New Designator=P45
Change Component Designator: Old Designator=P? New Designator=P46
Change Component Designator: Old Designator=P? New Designator=P47
Change Component Designator: Old Designator=P? New Designator=P48
Change Component Designator: Old Designator=P? New Designator=P49
Change Component Designator: Old Designator=Q? New Designator=Q2
Change Component Designator: Old Designator=Q? New Designator=Q3
Change Component Designator: Old Designator=Q? New Designator=Q4
Change Component Designator: Old Designator=Q? New Designator=Q5
Change Component Designator: Old Designator=Q? New Designator=Q6
Change Component Designator: Old Designator=Q? New Designator=Q7
Change Component Designator: Old Designator=R? New Designator=R41
Change Component Designator: Old Designator=R? New Designator=R42
Change Component Designator: Old Designator=R? New Designator=R43
Change Component Designator: Old Designator=R? New Designator=R44
Change Component Designator: Old Designator=R? New Designator=R45
Change Component Designator: Old Designator=R? New Designator=R46
Change Component Designator: Old Designator=R? New Designator=R47
Change Component Designator: Old Designator=R? New Designator=R48
Change Component Designator: Old Designator=R? New Designator=R49
Change Component Designator: Old Designator=R? New Designator=R50
Change Component Designator: Old Designator=R? New Designator=R51
Change Component Designator: Old Designator=R? New Designator=R52
Change Component Designator: Old Designator=R? New Designator=R53
Change Component Designator: Old Designator=R? New Designator=R54
Change Component Designator: Old Designator=R? New Designator=R55
Change Component Designator: Old Designator=R? New Designator=R56
Change Component Designator: Old Designator=R? New Designator=R57
Change Component Designator: Old Designator=R? New Designator=R58
Change Component Designator: Old Designator=R? New Designator=R59
Change Component Designator: Old Designator=R? New Designator=R60
Change Component Designator: Old Designator=R? New Designator=R61
Change Component Designator: Old Designator=R? New Designator=R62
Change Component Designator: Old Designator=R? New Designator=R63
Change Component Designator: Old Designator=R? New Designator=R64
Change Component Designator: Old Designator=R? New Designator=R65
Change Component Designator: Old Designator=R? New Designator=R66
Change Component Designator: Old Designator=S? New Designator=S2
Change Component Designator: Old Designator=S? New Designator=S3
Change Component Designator: Old Designator=S? New Designator=S4
Change Component Designator: Old Designator=S? New Designator=S5
Change Component Designator: Old Designator=S? New Designator=S6
Change Component Designator: Old Designator=S? New Designator=S7
Change Component Designator: Old Designator=S? New Designator=S8
Change Component Designator: Old Designator=S? New Designator=S9
Change Component Designator: Old Designator=S? New Designator=S10
Change Component Designator: Old Designator=S? New Designator=S11
Change Component Designator: Old Designator=S? New Designator=S12
Change Component Designator: Old Designator=S? New Designator=S13
Change Component Designator: Old Designator=S? New Designator=S14
Change Component Designator: Old Designator=S? New Designator=S15
Change Component Designator: Old Designator=S? New Designator=S16
Change Component Designator: Old Designator=S? New Designator=S17
Change Component Designator: Old Designator=S? New Designator=S18
Change Component Designator: Old Designator=S? New Designator=S19
Change Component Designator: Old Designator=S? New Designator=S20
Change Component Designator: Old Designator=S? New Designator=S21
Change Component Designator: Old Designator=S? New Designator=S22
Change Component Designator: Old Designator=S? New Designator=S23
Change Component Designator: Old Designator=S? New Designator=S24
Change Component Designator: Old Designator=S? New Designator=S25
Change Component Designator: Old Designator=S? New Designator=S26
Change Component Designator: Old Designator=S? New Designator=S27
Change Component Designator: Old Designator=U? New Designator=U14
Change Component Designator: Old Designator=U? New Designator=U15
Change Component Designator: Old Designator=U? New Designator=U16
Change Component Designator: Old Designator=U? New Designator=U17
Change Component Designator: Old Designator=U? New Designator=U18
Change Component Designator: Old Designator=Y? New Designator=Y2
