Added Component: Designator=C1(CAPR5-4X5)
Add component. Clean all parameters for all variants
Add component (AddParameter): Name = "PackageDescription"; Value = "Capacitor; 2 Leads"; VariantName = "[No Variations]"
Add component (AddParameter): Name = "PackageReference"; Value = "CAPR5-4X5"; VariantName = "[No Variations]"
Add component (AddParameter): Name = "Published"; Value = "23-Sep-2002"; VariantName = "[No Variations]"
Add component (AddParameter): Name = "Publisher"; Value = "Altium Limited"; VariantName = "[No Variations]"
Add component (AddParameter): Name = "Value"; Value = "100pF"; VariantName = "[No Variations]"
Added Component: Designator=C2(CAPR5-4X5)
Add component. Clean all parameters for all variants
Add component (AddParameter): Name = "PackageDescription"; Value = "Capacitor; 2 Leads"; VariantName = "[No Variations]"
Add component (AddParameter): Name = "PackageReference"; Value = "CAPR5-4X5"; VariantName = "[No Variations]"
Add component (AddParameter): Name = "Published"; Value = "23-Sep-2002"; VariantName = "[No Variations]"
Add component (AddParameter): Name = "Publisher"; Value = "Altium Limited"; VariantName = "[No Variations]"
Add component (AddParameter): Name = "Value"; Value = "100pF"; VariantName = "[No Variations]"
Added Component: Designator=C3(CAPR5-4X5)
Add component. Clean all parameters for all variants
Add component (AddParameter): Name = "PackageDescription"; Value = "Capacitor; 2 Leads"; VariantName = "[No Variations]"
Add component (AddParameter): Name = "PackageReference"; Value = "CAPR5-4X5"; VariantName = "[No Variations]"
Add component (AddParameter): Name = "Published"; Value = "23-Sep-2002"; VariantName = "[No Variations]"
Add component (AddParameter): Name = "Publisher"; Value = "Altium Limited"; VariantName = "[No Variations]"
Add component (AddParameter): Name = "Value"; Value = "100pF"; VariantName = "[No Variations]"
Added Component: Designator=C4(CAPR5-4X5)
Add component. Clean all parameters for all variants
Add component (AddParameter): Name = "PackageDescription"; Value = "Capacitor; 2 Leads"; VariantName = "[No Variations]"
Add component (AddParameter): Name = "PackageReference"; Value = "CAPR5-4X5"; VariantName = "[No Variations]"
Add component (AddParameter): Name = "Published"; Value = "23-Sep-2002"; VariantName = "[No Variations]"
Add component (AddParameter): Name = "Publisher"; Value = "Altium Limited"; VariantName = "[No Variations]"
Add component (AddParameter): Name = "Value"; Value = "100pF"; VariantName = "[No Variations]"
Added Component: Designator=C5(CAPR5-4X5)
Add component. Clean all parameters for all variants
Add component (AddParameter): Name = "PackageDescription"; Value = "Capacitor; 2 Leads"; VariantName = "[No Variations]"
Add component (AddParameter): Name = "PackageReference"; Value = "CAPR5-4X5"; VariantName = "[No Variations]"
Add component (AddParameter): Name = "Published"; Value = "23-Sep-2002"; VariantName = "[No Variations]"
Add component (AddParameter): Name = "Publisher"; Value = "Altium Limited"; VariantName = "[No Variations]"
Add component (AddParameter): Name = "Value"; Value = "100pF"; VariantName = "[No Variations]"
Added Component: Designator=CON(D-09M)
Add component. Clean all parameters for all variants
Add component (AddParameter): Name = "Availability"; Value = "Unavailable"; VariantName = "[No Variations]"
Add component (AddParameter): Name = "MF"; Value = "NorComp Inc."; VariantName = "[No Variations]"
Add component (AddParameter): Name = "MP"; Value = "DB9M"; VariantName = "[No Variations]"
Add component (AddParameter): Name = "Package"; Value = "None"; VariantName = "[No Variations]"
Add component (AddParameter): Name = "Price"; Value = "None"; VariantName = "[No Variations]"
Add component (AddParameter): Name = "SnapEDA_Link"; Value = "https://www.snapeda.com/parts/DB9M/NorComp%20Inc./view-part/558713/?ref=snap"; VariantName = "[No Variations]"
Add component (AddParameter): Name = "Value"; Value = ""; VariantName = "[No Variations]"
Added Component: Designator=CON(D-09M)
Add component. Clean all parameters for all variants
Add component (AddParameter): Name = "Availability"; Value = "Unavailable"; VariantName = "[No Variations]"
Add component (AddParameter): Name = "MF"; Value = "NorComp Inc."; VariantName = "[No Variations]"
Add component (AddParameter): Name = "MP"; Value = "DB9M"; VariantName = "[No Variations]"
Add component (AddParameter): Name = "Package"; Value = "None"; VariantName = "[No Variations]"
Add component (AddParameter): Name = "Price"; Value = "None"; VariantName = "[No Variations]"
Add component (AddParameter): Name = "SnapEDA_Link"; Value = "https://www.snapeda.com/parts/DB9M/NorComp%20Inc./view-part/558713/?ref=snap"; VariantName = "[No Variations]"
Add component (AddParameter): Name = "Value"; Value = ""; VariantName = "[No Variations]"
Added Component: Designator=P1(HDR1X2)
Add component. Clean all parameters for all variants
Add component (AddParameter): Name = "LatestRevisionDate"; Value = "17-Jul-2002"; VariantName = "[No Variations]"
Add component (AddParameter): Name = "LatestRevisionNote"; Value = "Re-released for DXP Platform."; VariantName = "[No Variations]"
Add component (AddParameter): Name = "Publisher"; Value = "Altium Limited"; VariantName = "[No Variations]"
Added Component: Designator=P2(HDR1X2)
Add component. Clean all parameters for all variants
Add component (AddParameter): Name = "LatestRevisionDate"; Value = "17-Jul-2002"; VariantName = "[No Variations]"
Add component (AddParameter): Name = "LatestRevisionNote"; Value = "Re-released for DXP Platform."; VariantName = "[No Variations]"
Add component (AddParameter): Name = "Publisher"; Value = "Altium Limited"; VariantName = "[No Variations]"
Added Component: Designator=U1(MAX232)
Add component. Clean all parameters for all variants
Added Pin To Net: NetName=C1+ Pin=C1-1
Added Pin To Net: NetName=C1- Pin=C1-2
Added Pin To Net: NetName=C2+ Pin=C2-1
Added Pin To Net: NetName=C2- Pin=C2-2
Added Pin To Net: NetName=Vs+ Pin=C3-1
Added Pin To Net: NetName=Vcc Pin=C3-2
Added Pin To Net: NetName=Vcc Pin=C4-1
Added Pin To Net: NetName=GND Pin=C4-2
Added Pin To Net: NetName=Vs- Pin=C5-1
Added Pin To Net: NetName=GND Pin=C5-2
Added Pin To Net: NetName=T1out Pin=CON-2
Added Pin To Net: NetName=T2out Pin=CON-2
Added Pin To Net: NetName=R1in Pin=CON-3
Added Pin To Net: NetName=R2in Pin=CON-3
Added Pin To Net: NetName=GND Pin=CON-5
Added Pin To Net: NetName=GND Pin=CON-5
Added Pin To Net: NetName=T1in Pin=P1-1
Added Pin To Net: NetName=R1out Pin=P1-2
Added Pin To Net: NetName=T2in Pin=P2-1
Added Pin To Net: NetName=R2out Pin=P2-2
Added Pin To Net: NetName=C1+ Pin=U1-1
Added Pin To Net: NetName=Vs+ Pin=U1-2
Added Pin To Net: NetName=C1- Pin=U1-3
Added Pin To Net: NetName=C2+ Pin=U1-4
Added Pin To Net: NetName=C2- Pin=U1-5
Added Pin To Net: NetName=Vs- Pin=U1-6
Added Pin To Net: NetName=T2out Pin=U1-7
Added Pin To Net: NetName=R2in Pin=U1-8
Added Pin To Net: NetName=R2out Pin=U1-9
Added Pin To Net: NetName=T2in Pin=U1-10
Added Pin To Net: NetName=T1in Pin=U1-11
Added Pin To Net: NetName=R1out Pin=U1-12
Added Pin To Net: NetName=R1in Pin=U1-13
Added Pin To Net: NetName=T1out Pin=U1-14
Added Pin To Net: NetName=GND Pin=U1-15
Added Pin To Net: NetName=Vcc Pin=U1-16
Added Member To Class: ClassName=Max232schematic Member=Component C1 Cap2
Added Member To Class: ClassName=Max232schematic Member=Component C2 Cap2
Added Member To Class: ClassName=Max232schematic Member=Component C3 Cap2
Added Member To Class: ClassName=Max232schematic Member=Component C4 Cap2
Added Member To Class: ClassName=Max232schematic Member=Component C5 Cap2
Added Member To Class: ClassName=Max232schematic Member=Component CON DB9M
Added Member To Class: ClassName=Max232schematic Member=Component CON DB9M
Added Member To Class: ClassName=Max232schematic Member=Component P1 Header 2
Added Member To Class: ClassName=Max232schematic Member=Component P2 Header 2
Added Member To Class: ClassName=Max232schematic Member=Component U1 MAX232
Added Room: Name=Max232schematic
